<?xml version="1.0" encoding="UTF-8"?>
<testsuite xmlns:xsi="http://www.w3.org/2001/XMLSchema-instance" xsi:noNamespaceSchemaLocation="https://maven.apache.org/surefire/maven-surefire-plugin/xsd/surefire-test-report-3.0.xsd" version="3.0" name="com.example.triangle.TriangleTest" time="0.088" tests="15" errors="0" skipped="0" failures="0">
  <properties>
[...]
</properties>
  <testcase name="scaleneValid" classname="com.example.triangle.TriangleTest" time="0.045"/>
  <testcase name="equilateralValid" classname="com.example.triangle.TriangleTest" time="0.001"/>
  <testcase name="negativeValue" classname="com.example.triangle.TriangleTest" time="0.001"/>
  <testcase name="zeroValue" classname="com.example.triangle.TriangleTest" time="0.001"/>
  <testcase name="sumLessThanThirdPermutation1" classname="com.example.triangle.TriangleTest" time="0.001"/>
  <testcase name="sumLessThanThirdPermutation2" classname="com.example.triangle.TriangleTest" time="0.001"/>
  <testcase name="sumLessThanThirdPermutation3" classname="com.example.triangle.TriangleTest" time="0"/>
  <testcase name="isoscelesPermutation1" classname="com.example.triangle.TriangleTest" time="0.001"/>
  <testcase name="isoscelesPermutation2" classname="com.example.triangle.TriangleTest" time="0"/>
  <testcase name="isoscelesPermutation3" classname="com.example.triangle.TriangleTest" time="0"/>
  <testcase name="sumEqualsThirdPermutation1" classname="com.example.triangle.TriangleTest" time="0.001"/>
  <testcase name="sumEqualsThirdPermutation2" classname="com.example.triangle.TriangleTest" time="0.001"/>
  <testcase name="sumEqualsThirdPermutation3" classname="com.example.triangle.TriangleTest" time="0"/>
  <testcase name="allZeros" classname="com.example.triangle.TriangleTest" time="0.001"/>
  <testcase name="isoscelesValid" classname="com.example.triangle.TriangleTest" time="0"/>
</testsuite>